build/outputs/mapping/conversationsFreeDebug/configuration.txt
# The proguard configuration file for the following section is default_proguard_files/global/proguard-android.txt-7.4.2
# This is a configuration file for ProGuard.
# http://proguard.sourceforge.net/index.html#manual/usage.html
#
# Starting with version 2.2 of the Android plugin for Gradle, this file is distributed together with
# the plugin and unpacked at build-time. The files in $ANDROID_HOME are no longer maintained and
# will be ignored by new version of the Android plugin for Gradle.

# Optimization is turned off by default. Dex does not like code run
# through the ProGuard optimize steps (and performs some
# of these optimizations on its own).
# Note that if you want to enable optimization, you cannot just
# include optimization flags in your own project configuration file;
# instead you will need to point to the
# "proguard-android-optimize.txt" file instead of this one from your
# project.properties file.
-dontoptimize

-dontusemixedcaseclassnames
-dontskipnonpubliclibraryclasses
-verbose

# Preserve some attributes that may be required for reflection.
-keepattributes AnnotationDefault,
                EnclosingMethod,
                InnerClasses,
                RuntimeVisibleAnnotations,
                RuntimeVisibleParameterAnnotations,
                RuntimeVisibleTypeAnnotations,
                Signature

-keep public class com.google.vending.licensing.ILicensingService
-keep public class com.android.vending.licensing.ILicensingService
-keep public class com.google.android.vending.licensing.ILicensingService
-dontnote com.android.vending.licensing.ILicensingService
-dontnote com.google.vending.licensing.ILicensingService
-dontnote com.google.android.vending.licensing.ILicensingService

# For native methods, see http://proguard.sourceforge.net/manual/examples.html#native
-keepclasseswithmembernames,includedescriptorclasses class * {
    native <methods>;
}

# Keep setters in Views so that animations can still work.
-keepclassmembers public class * extends android.view.View {
    void set*(***);
    *** get*();
}

# We want to keep methods in Activity that could be used in the XML attribute onClick.
-keepclassmembers class * extends android.app.Activity {
    public void *(android.view.View);
}

# For enumeration classes, see http://proguard.sourceforge.net/manual/examples.html#enumerations
-keepclassmembers enum * {
    public static **[] values();
    public static ** valueOf(java.lang.String);
}

-keepclassmembers class * implements android.os.Parcelable {
    public static final ** CREATOR;
}

# Preserve annotated Javascript interface methods.
-keepclassmembers class * {
    @android.webkit.JavascriptInterface <methods>;
}

# The support libraries contains references to newer platform versions.
# Don't warn about those in case this app is linking against an older
# platform version. We know about them, and they are safe.
-dontnote android.support.**
-dontnote androidx.**
-dontwarn android.support.**
-dontwarn androidx.**

# This class is deprecated, but remains for backward compatibility.
-dontwarn android.util.FloatMath

# Understand the @Keep support annotation.
-keep class android.support.annotation.Keep
-keep class androidx.annotation.Keep

-keep @android.support.annotation.Keep class * {*;}
-keep @androidx.annotation.Keep class * {*;}

-keepclasseswithmembers class * {
    @android.support.annotation.Keep <methods>;
}

-keepclasseswithmembers class * {
    @androidx.annotation.Keep <methods>;
}

-keepclasseswithmembers class * {
    @android.support.annotation.Keep <fields>;
}

-keepclasseswithmembers class * {
    @androidx.annotation.Keep <fields>;
}

-keepclasseswithmembers class * {
    @android.support.annotation.Keep <init>(...);
}

-keepclasseswithmembers class * {
    @androidx.annotation.Keep <init>(...);
}

# These classes are duplicated between android.jar and org.apache.http.legacy.jar.
-dontnote org.apache.http.**
-dontnote android.net.http.**

# These classes are duplicated between android.jar and core-lambda-stubs.jar.
-dontnote java.lang.invoke.**

# End of content from default_proguard_files/global/proguard-android.txt-7.4.2
# The proguard configuration file for the following section is 191023/Conversations/proguard-rules.pro
-dontobfuscate

-keep class eu.siacs.conversations.**

-keep class org.whispersystems.**

-keep class com.kyleduo.switchbutton.Configuration

-keep class com.soundcloud.android.crop.**

-keep class com.google.android.gms.**

-keep class org.openintents.openpgp.*
-keep class org.webrtc.** { *; }

-dontwarn javax.mail.internet.MimeMessage
-dontwarn javax.mail.internet.MimeBodyPart
-dontwarn javax.mail.internet.SharedInputStream
-dontwarn javax.activation.DataContentHandler
-dontwarn org.bouncycastle.mail.**
-dontwarn org.bouncycastle.x509.util.LDAPStoreHelper
-dontwarn org.bouncycastle.jce.provider.X509LDAPCertStoreSpi
-dontwarn org.bouncycastle.cert.dane.**
-dontwarn rocks.xmpp.addr.**
-dontwarn com.google.firebase.analytics.connector.AnalyticsConnector
-dontwarn java.lang.**
-dontwarn javax.lang.**

-dontwarn com.android.org.conscrypt.SSLParametersImpl
-dontwarn org.apache.harmony.xnet.provider.jsse.SSLParametersImpl
-dontwarn org.bouncycastle.jsse.BCSSLParameters
-dontwarn org.bouncycastle.jsse.BCSSLSocket
-dontwarn org.bouncycastle.jsse.provider.BouncyCastleJsseProvider
-dontwarn org.openjsse.javax.net.ssl.SSLParameters
-dontwarn org.openjsse.javax.net.ssl.SSLSocket
-dontwarn org.openjsse.net.ssl.OpenJSSE

-keepclassmembers class eu.siacs.conversations.http.services.** {
  !transient <fields>;
}

# Retrofit does reflection on generic parameters. InnerClasses is required to use Signature and
# EnclosingMethod is required to use InnerClasses.
-keepattributes Signature, InnerClasses, EnclosingMethod

# Retrofit does reflection on method and parameter annotations.
-keepattributes RuntimeVisibleAnnotations, RuntimeVisibleParameterAnnotations

# Retain service method parameters when optimizing.
-keepclassmembers,allowshrinking,allowobfuscation interface * {
    @retrofit2.http.* <methods>;
}

# Ignore annotation used for build tooling.
-dontwarn org.codehaus.mojo.animal_sniffer.IgnoreJRERequirement

# Ignore JSR 305 annotations for embedding nullability information.
-dontwarn javax.annotation.**

# Guarded by a NoClassDefFoundError try/catch and only used when on the classpath.
-dontwarn kotlin.Unit

# Top-level functions that can only be used by Kotlin.
-dontwarn retrofit2.KotlinExtensions
-dontwarn retrofit2.KotlinExtensions$*

# With R8 full mode, it sees no subtypes of Retrofit interfaces since they are created with a Proxy
# and replaces all potential values with null. Explicitly keeping the interfaces prevents this.
-if interface * { @retrofit2.http.* <methods>; }
-keep,allowobfuscation interface <1>

# End of content from 191023/Conversations/proguard-rules.pro
# The proguard configuration file for the following section is aapt_proguard_file/conversationsFreeDebug/aapt_rules.txt
-keep class androidx.core.app.CoreComponentFactory { <init>(); }
-keep class androidx.core.content.FileProvider { <init>(); }
-keep class androidx.startup.InitializationProvider { <init>(); }
-keep class com.theartofdev.edmodo.cropper.CropImageActivity { <init>(); }
-keep class eu.siacs.conversations.services.BarcodeProvider { <init>(); }
-keep class eu.siacs.conversations.services.ContactChooserTargetService { <init>(); }
-keep class eu.siacs.conversations.services.EventReceiver { <init>(); }
-keep class eu.siacs.conversations.services.ExportBackupService { <init>(); }
-keep class eu.siacs.conversations.services.ImportBackupService { <init>(); }
-keep class eu.siacs.conversations.services.UnifiedPushDistributor { <init>(); }
-keep class eu.siacs.conversations.services.XmppConnectionService { <init>(); }
-keep class eu.siacs.conversations.ui.AboutActivity { <init>(); }
-keep class eu.siacs.conversations.ui.BlocklistActivity { <init>(); }
-keep class eu.siacs.conversations.ui.ChangePasswordActivity { <init>(); }
-keep class eu.siacs.conversations.ui.ChannelDiscoveryActivity { <init>(); }
-keep class eu.siacs.conversations.ui.ChooseAccountForProfilePictureActivity { <init>(); }
-keep class eu.siacs.conversations.ui.ChooseContactActivity { <init>(); }
-keep class eu.siacs.conversations.ui.ConferenceDetailsActivity { <init>(); }
-keep class eu.siacs.conversations.ui.ContactDetailsActivity { <init>(); }
-keep class eu.siacs.conversations.ui.ConversationActivity { <init>(); }
-keep class eu.siacs.conversations.ui.ConversationsActivity { <init>(); }
-keep class eu.siacs.conversations.ui.EasyOnboardingInviteActivity { <init>(); }
-keep class eu.siacs.conversations.ui.EditAccountActivity { <init>(); }
-keep class eu.siacs.conversations.ui.ImportBackupActivity { <init>(); }
-keep class eu.siacs.conversations.ui.MagicCreateActivity { <init>(); }
-keep class eu.siacs.conversations.ui.ManageAccountActivity { <init>(); }
-keep class eu.siacs.conversations.ui.MediaBrowserActivity { <init>(); }
-keep class eu.siacs.conversations.ui.MemorizingActivity { <init>(); }
-keep class eu.siacs.conversations.ui.MucUsersActivity { <init>(); }
-keep class eu.siacs.conversations.ui.PickServerActivity { <init>(); }
-keep class eu.siacs.conversations.ui.PublishGroupChatProfilePictureActivity { <init>(); }
-keep class eu.siacs.conversations.ui.PublishProfilePictureActivity { <init>(); }
-keep class eu.siacs.conversations.ui.RecordingActivity { <init>(); }
-keep class eu.siacs.conversations.ui.RtpSessionActivity { <init>(); }
-keep class eu.siacs.conversations.ui.ScanActivity { <init>(); }
-keep class eu.siacs.conversations.ui.SearchActivity { <init>(); }
-keep class eu.siacs.conversations.ui.SettingsActivity { <init>(); }
-keep class eu.siacs.conversations.ui.ShareLocationActivity { <init>(); }
-keep class eu.siacs.conversations.ui.ShareViaAccountActivity { <init>(); }
-keep class eu.siacs.conversations.ui.ShareWithActivity { <init>(); }
-keep class eu.siacs.conversations.ui.ShortcutActivity { <init>(); }
-keep class eu.siacs.conversations.ui.ShowLocationActivity { <init>(); }
-keep class eu.siacs.conversations.ui.StartConversationActivity { <init>(); }
-keep class eu.siacs.conversations.ui.TrustKeysActivity { <init>(); }
-keep class eu.siacs.conversations.ui.UriHandlerActivity { <init>(); }
-keep class eu.siacs.conversations.ui.WelcomeActivity { <init>(); }
-keep class android.widget.Space { <init>(android.content.Context, android.util.AttributeSet); }

-keep class androidx.appcompat.app.AlertController$RecycleListView { <init>(android.content.Context, android.util.AttributeSet); }

-keep class androidx.appcompat.view.menu.ActionMenuItemView { <init>(android.content.Context, android.util.AttributeSet); }

-keep class androidx.appcompat.view.menu.ExpandedMenuView { <init>(android.content.Context, android.util.AttributeSet); }

-keep class androidx.appcompat.view.menu.ListMenuItemView { <init>(android.content.Context, android.util.AttributeSet); }

-keep class androidx.appcompat.widget.ActionBarContainer { <init>(android.content.Context, android.util.AttributeSet); }

-keep class androidx.appcompat.widget.ActionBarContextView { <init>(android.content.Context, android.util.AttributeSet); }

-keep class androidx.appcompat.widget.ActionBarOverlayLayout { <init>(android.content.Context, android.util.AttributeSet); }

-keep class androidx.appcompat.widget.ActionMenuView { <init>(android.content.Context, android.util.AttributeSet); }

-keep class androidx.appcompat.widget.ActivityChooserView$InnerLayout { <init>(android.content.Context, android.util.AttributeSet); }

-keep class androidx.appcompat.widget.AlertDialogLayout { <init>(android.content.Context, android.util.AttributeSet); }

-keep class androidx.appcompat.widget.AppCompatTextView { <init>(android.content.Context, android.util.AttributeSet); }

-keep class androidx.appcompat.widget.ButtonBarLayout { <init>(android.content.Context, android.util.AttributeSet); }

-keep class androidx.appcompat.widget.ContentFrameLayout { <init>(android.content.Context, android.util.AttributeSet); }

-keep class androidx.appcompat.widget.DialogTitle { <init>(android.content.Context, android.util.AttributeSet); }

-keep class androidx.appcompat.widget.FitWindowsFrameLayout { <init>(android.content.Context, android.util.AttributeSet); }

-keep class androidx.appcompat.widget.FitWindowsLinearLayout { <init>(android.content.Context, android.util.AttributeSet); }

-keep class androidx.appcompat.widget.SearchView$SearchAutoComplete { <init>(android.content.Context, android.util.AttributeSet); }

-keep class androidx.appcompat.widget.SwitchCompat { <init>(android.content.Context, android.util.AttributeSet); }

-keep class androidx.appcompat.widget.Toolbar { <init>(android.content.Context, android.util.AttributeSet); }

-keep class androidx.appcompat.widget.ViewStubCompat { <init>(android.content.Context, android.util.AttributeSet); }

-keep class androidx.cardview.widget.CardView { <init>(android.content.Context, android.util.AttributeSet); }

-keep class androidx.constraintlayout.widget.Barrier { <init>(android.content.Context, android.util.AttributeSet); }

-keep class androidx.constraintlayout.widget.ConstraintLayout { <init>(android.content.Context, android.util.AttributeSet); }

-keep class androidx.constraintlayout.widget.Guideline { <init>(android.content.Context, android.util.AttributeSet); }

-keep class androidx.coordinatorlayout.widget.CoordinatorLayout { <init>(android.content.Context, android.util.AttributeSet); }

-keep class androidx.core.widget.NestedScrollView { <init>(android.content.Context, android.util.AttributeSet); }

-keep class androidx.fragment.app.FragmentContainerView { <init>(android.content.Context, android.util.AttributeSet); }

-keep class androidx.recyclerview.widget.RecyclerView { <init>(android.content.Context, android.util.AttributeSet); }

-keep class androidx.viewpager.widget.ViewPager { <init>(android.content.Context, android.util.AttributeSet); }

-keep class com.google.android.material.appbar.AppBarLayout { <init>(android.content.Context, android.util.AttributeSet); }

-keep class com.google.android.material.button.MaterialButton { <init>(android.content.Context, android.util.AttributeSet); }

-keep class com.google.android.material.button.MaterialButtonToggleGroup { <init>(android.content.Context, android.util.AttributeSet); }

-keep class com.google.android.material.chip.Chip { <init>(android.content.Context, android.util.AttributeSet); }

-keep class com.google.android.material.datepicker.MaterialCalendarGridView { <init>(android.content.Context, android.util.AttributeSet); }

-keep class com.google.android.material.floatingactionbutton.FloatingActionButton { <init>(android.content.Context, android.util.AttributeSet); }

-keep class com.google.android.material.internal.BaselineLayout { <init>(android.content.Context, android.util.AttributeSet); }

-keep class com.google.android.material.internal.CheckableImageButton { <init>(android.content.Context, android.util.AttributeSet); }

-keep class com.google.android.material.internal.NavigationMenuItemView { <init>(android.content.Context, android.util.AttributeSet); }

-keep class com.google.android.material.internal.NavigationMenuView { <init>(android.content.Context, android.util.AttributeSet); }

-keep class com.google.android.material.snackbar.Snackbar$SnackbarLayout { <init>(android.content.Context, android.util.AttributeSet); }

-keep class com.google.android.material.snackbar.SnackbarContentLayout { <init>(android.content.Context, android.util.AttributeSet); }

-keep class com.google.android.material.tabs.TabLayout { <init>(android.content.Context, android.util.AttributeSet); }

-keep class com.google.android.material.textfield.TextInputEditText { <init>(android.content.Context, android.util.AttributeSet); }

-keep class com.google.android.material.textfield.TextInputLayout { <init>(android.content.Context, android.util.AttributeSet); }

-keep class com.google.android.material.timepicker.ChipTextInputComboView { <init>(android.content.Context, android.util.AttributeSet); }

-keep class com.google.android.material.timepicker.ClockFaceView { <init>(android.content.Context, android.util.AttributeSet); }

-keep class com.google.android.material.timepicker.ClockHandView { <init>(android.content.Context, android.util.AttributeSet); }

-keep class com.google.android.material.timepicker.TimePickerView { <init>(android.content.Context, android.util.AttributeSet); }

-keep class com.leinardi.android.speeddial.SpeedDialOverlayLayout { <init>(android.content.Context, android.util.AttributeSet); }

-keep class com.leinardi.android.speeddial.SpeedDialView { <init>(android.content.Context, android.util.AttributeSet); }

-keep class com.makeramen.roundedimageview.RoundedImageView { <init>(android.content.Context, android.util.AttributeSet); }

-keep class com.theartofdev.edmodo.cropper.CropImageView { <init>(android.content.Context, android.util.AttributeSet); }

-keep class com.theartofdev.edmodo.cropper.CropOverlayView { <init>(android.content.Context, android.util.AttributeSet); }

-keep class com.wefika.flowlayout.FlowLayout { <init>(android.content.Context, android.util.AttributeSet); }

-keep class eu.siacs.conversations.ui.AboutPreference { <init>(...); }

-keep class eu.siacs.conversations.ui.TimePreference { <init>(...); }

-keep class eu.siacs.conversations.ui.widget.EditMessage { <init>(android.content.Context, android.util.AttributeSet); }

-keep class eu.siacs.conversations.ui.widget.ImmediateAutoCompleteTextView { <init>(android.content.Context, android.util.AttributeSet); }

-keep class eu.siacs.conversations.ui.widget.ScannerView { <init>(android.content.Context, android.util.AttributeSet); }

-keep class eu.siacs.conversations.ui.widget.SquareFrameLayout { <init>(android.content.Context, android.util.AttributeSet); }

-keep class eu.siacs.conversations.ui.widget.SurfaceViewRenderer { <init>(android.content.Context, android.util.AttributeSet); }

-keep class eu.siacs.conversations.ui.widget.TextInputEditText { <init>(android.content.Context, android.util.AttributeSet); }

-keep class eu.siacs.conversations.ui.widget.UnreadCountCustomView { <init>(android.content.Context, android.util.AttributeSet); }

-keep class org.osmdroid.views.MapView { <init>(android.content.Context, android.util.AttributeSet); }


# End of content from aapt_proguard_file/conversationsFreeDebug/aapt_rules.txt
# The proguard configuration file for the following section is transformed/databinding-runtime-7.4.2/proguard.txt
-dontwarn androidx.databinding.ViewDataBinding
-dontwarn androidx.databinding.ViewDataBinding$LiveDataListener

# instant apps load these via reflection so we need to keep them.
-keep public class * extends androidx.databinding.DataBinderMapper


# End of content from transformed/databinding-runtime-7.4.2/proguard.txt
# The proguard configuration file for the following section is transformed/jetified-speed-dial-3.2.0/proguard.txt
# Add project specific ProGuard rules here.
# By default, the flags in this file are appended to flags specified
# in /home/arthur/Android/Sdk/tools/proguard/proguard-android.txt
# You can edit the include path and order by changing the proguardFiles
# directive in build.gradle.
#
# For more details, see
#   http://developer.android.com/guide/developing/tools/proguard.html

# Add any project specific keep options here:

# If your project uses WebView with JS, uncomment the following
# and specify the fully qualified class name to the JavaScript interface
# class:
#-keepclassmembers class fqcn.of.javascript.interface.for.webview {
#   public *;
#}

# Uncomment this to preserve the line number information for
# debugging stack traces.
#-keepattributes SourceFile,LineNumberTable

# If you keep the line number information, uncomment this to
# hide the original source file name.
#-renamesourcefileattribute SourceFile