build/outputs/mapping/conversationsFreeDebug/seeds.txt
eu.siacs.conversations.ui.util.Attachment$1
eu.siacs.conversations.ui.adapter.MediaAdapter
eu.siacs.conversations.xmpp.jingle.JingleRtpConnection$OnIceServersDiscovered
eu.siacs.conversations.ui.EditAccountActivity$3
eu.siacs.conversations.persistance.FileBackend$2
eu.siacs.conversations.databinding.ActivityTrustKeysBindingImpl
eu.siacs.conversations.databinding.KeysCardBindingImpl
eu.siacs.conversations.ui.adapter.ListItemAdapter$ViewHolder
eu.siacs.conversations.crypto.axolotl.AxolotlService$FetchStatusMap
eu.siacs.conversations.ui.UiCallback
eu.siacs.conversations.databinding.ActivityMucUsersBinding
eu.siacs.conversations.crypto.sasl.ScramSha1
eu.siacs.conversations.DataBinderMapperImpl$InnerLayoutIdLookup
eu.siacs.conversations.xmpp.stanzas.AbstractAcknowledgeableStanza
eu.siacs.conversations.databinding.ActivityPublishProfilePictureBindingImpl
eu.siacs.conversations.services.ImportBackupService$BackupFile
eu.siacs.conversations.xmpp.jingle.OnJinglePacketReceived
eu.siacs.conversations.R$mipmap
eu.siacs.conversations.ui.SettingsFragment
eu.siacs.conversations.ui.ConversationFragment$9
eu.siacs.conversations.crypto.sasl.SaslMechanism$Version
eu.siacs.conversations.entities.MucOptions$OnRenameListener
eu.siacs.conversations.ui.XmppActivity$4
eu.siacs.conversations.entities.Bookmark
eu.siacs.conversations.services.PushManagementService
eu.siacs.conversations.utils.Emoticons$UnicodeSet
eu.siacs.conversations.ui.RtpSessionActivity$3
eu.siacs.conversations.ui.ConversationFragment$15
eu.siacs.conversations.ui.adapter.UserPreviewAdapter$1
eu.siacs.conversations.http.SlotRequester$1
eu.siacs.conversations.R$integer
eu.siacs.conversations.xmpp.jingle.RtpCapability
eu.siacs.conversations.utils.PhoneHelper
eu.siacs.conversations.services.XmppConnectionService$10
eu.siacs.conversations.xml.TagWriter$1
eu.siacs.conversations.services.XmppConnectionService$OnAccountPasswordChanged
eu.siacs.conversations.xmpp.jingle.ContentAddition$1
eu.siacs.conversations.ui.adapter.MessageAdapter$ViewHolder
eu.siacs.conversations.services.MessageArchiveService
eu.siacs.conversations.utils.StringUtils
eu.siacs.conversations.ui.ScanActivity$3
eu.siacs.conversations.services.AbstractConnectionManager$1
eu.siacs.conversations.xmpp.jingle.OmemoVerification
eu.siacs.conversations.ui.interfaces.OnConversationArchived
eu.siacs.conversations.databinding.ActivityMucDetailsBinding
eu.siacs.conversations.ui.interfaces.OnConversationsListItemUpdated
eu.siacs.conversations.BR
eu.siacs.conversations.xmpp.jingle.stanzas.RtpDescription$Source$Parameter
eu.siacs.conversations.ui.util.DateSeparator
eu.siacs.conversations.ui.interfaces.OnMediaLoaded
eu.siacs.conversations.ui.StartConversationActivity$1
eu.siacs.conversations.entities.Account$State
eu.siacs.conversations.ui.adapter.ConversationAdapter
eu.siacs.conversations.xmpp.jingle.ToneManager$ToneState
eu.siacs.conversations.databinding.ActivityConversationsBinding
eu.siacs.conversations.utils.Random
eu.siacs.conversations.crypto.sasl.HashedTokenSha512
eu.siacs.conversations.ui.UriHandlerActivity$1
eu.siacs.conversations.utils.TimeFrameUtils
eu.siacs.conversations.utils.ImStyleParser
eu.siacs.conversations.xmpp.jingle.ContentAddition$Direction
eu.siacs.conversations.services.UnifiedPushBroker
eu.siacs.conversations.ui.StartConversationActivity$2
eu.siacs.conversations.databinding.AccountRowBinding
eu.siacs.conversations.ui.util.ChangeWatcher
eu.siacs.conversations.ui.widget.UnreadCountCustomView
eu.siacs.conversations.services.AbstractConnectionManager
eu.siacs.conversations.ui.EditAccountActivity$5
eu.siacs.conversations.utils.UIHelper$1
eu.siacs.conversations.xmpp.jingle.JingleFileTransferConnection$1
eu.siacs.conversations.ui.JoinConferenceDialog
eu.siacs.conversations.ui.EnterJidDialog
eu.siacs.conversations.services.XmppConnectionService$3
eu.siacs.conversations.services.AbstractConnectionManager$Extension
eu.siacs.conversations.R$layout
eu.siacs.conversations.ui.util.MyLinkify$UrlWrapper
...
org.conscrypt.OpenSSLX509CertificateFactory$2: java.util.List fromPkcs7DerInputStream(java.io.InputStream)
org.webrtc.PeerConnectionFactory$InitializationOptions: org.webrtc.PeerConnectionFactory$InitializationOptions$Builder builder(android.content.Context)
kotlinx.coroutines.EventLoop: EventLoop()
androidx.core.view.ViewCompat$Api17Impl: int getPaddingEnd(android.view.View)
org.conscrypt.OpenSSLECPrivateKey: OpenSSLECPrivateKey(org.conscrypt.OpenSSLKey)
org.webrtc.PeerConnectionFactory$Builder: org.webrtc.PeerConnectionFactory$Builder setAudioEncoderFactoryFactory(org.webrtc.AudioEncoderFactoryFactory)
org.conscrypt.ConscryptServerSocket: org.conscrypt.ConscryptServerSocket setUseEngineSocket(boolean)
org.webrtc.Camera1Capturer: void startCapture(int,int,int)
org.conscrypt.OpenSSLEvpCipher: int doFinalInternal(byte[],int,int)
org.conscrypt.Platform: void setSocketWriteTimeout(java.net.Socket,long)
androidx.constraintlayout.solver.widgets.Barrier: Barrier()
org.conscrypt.OpenSSLSignatureRawRSA: void engineInitSign(java.security.PrivateKey)
org.webrtc.voiceengine.WebRtcAudioEffects: boolean setNS(boolean)
org.conscrypt.IvParameters: void engineInit(byte[],java.lang.String)
org.conscrypt.OpenSSLX509CRL: org.conscrypt.OpenSSLX509CRL fromX509PemInputStream(java.io.InputStream)
org.webrtc.BitrateAdjuster: int getAdjustedBitrateBps()
org.conscrypt.SSLUtils$SessionType: org.conscrypt.SSLUtils$SessionType valueOf(java.lang.String)
org.conscrypt.NativeCrypto: void SSL_enable_tls_channel_id(long,org.conscrypt.NativeSsl)
androidx.viewpager.widget.ViewPager: void setScrollState(int)
org.conscrypt.NativeCrypto: boolean[] get_X509_issuerUID(long,org.conscrypt.OpenSSLX509Certificate)
org.webrtc.CameraCapturer$SwitchState: CameraCapturer$SwitchState(java.lang.String,int)
org.webrtc.audio.WebRtcAudioTrack: android.media.AudioAttributes$Builder applyAttributesOnQOrHigher(android.media.AudioAttributes$Builder,android.media.AudioAttributes)
org.webrtc.RtpTransceiver: void stopInternal()
com.google.android.material.shape.CutCornerTreatment: CutCornerTreatment()
org.conscrypt.OpenSSLSocketImpl: void setChannelIdPrivateKey(java.security.PrivateKey)
org.webrtc.Camera1Capturer: void changeCaptureFormat(int,int,int)
com.theartofdev.edmodo.cropper.CropImageView$RequestSizeOptions: com.theartofdev.edmodo.cropper.CropImageView$RequestSizeOptions[] values()
com.google.android.material.floatingactionbutton.FloatingActionButton: void setCompatElevationResource(int)
org.conscrypt.NativeCrypto: long X509_get_notBefore(long,org.conscrypt.OpenSSLX509Certificate)
org.conscrypt.NativeCrypto: void BIO_write(long,byte[],int,int)
org.conscrypt.SSLNullSession: java.security.cert.X509Certificate[] getPeerCertificates()
org.webrtc.Camera1Enumerator: Camera1Enumerator()
org.conscrypt.OkHostnameVerifier: java.util.List allSubjectAltNames(java.security.cert.X509Certificate)
org.conscrypt.OpenSSLECPointContext: org.conscrypt.OpenSSLECPointContext getInstance(org.conscrypt.OpenSSLECGroupContext,java.security.spec.ECPoint)
org.webrtc.VideoCodecInfo: java.lang.String toString()
com.google.android.material.checkbox.MaterialCheckBox: android.graphics.PorterDuff$Mode getButtonIconTintMode()
org.webrtc.ScreenCapturerAndroid$2: ScreenCapturerAndroid$2(org.webrtc.ScreenCapturerAndroid)
org.conscrypt.Java8EngineWrapper: void closeOutbound()
com.google.android.material.chip.ChipGroup: void setChipSpacingHorizontal(int)
org.conscrypt.OpenSSLCipherRSA: java.security.Key engineUnwrap(byte[],java.lang.String,int)
org.conscrypt.SSLParametersImpl: SSLParametersImpl(javax.net.ssl.KeyManager[],javax.net.ssl.TrustManager[],java.security.SecureRandom,org.conscrypt.ClientSessionContext,org.conscrypt.ServerSessionContext,java.lang.String[])
org.webrtc.VideoFrameDrawer: void drawTexture(org.webrtc.RendererCommon$GlDrawer,org.webrtc.VideoFrame$TextureBuffer,android.graphics.Matrix,int,int,int,int,int,int)
org.webrtc.MediaStream: boolean addPreservedTrack(org.webrtc.VideoTrack)