build/outputs/mapping/conversationsFreeDebug/usage.txt
eu.siacs.conversations.BR:
    public static final int _all
eu.siacs.conversations.BuildConfig:
    public static final java.lang.String APPLICATION_ID
    public static final java.lang.String APP_NAME
    public static final java.lang.String BUILD_TYPE
    public static final java.lang.String FLAVOR
    public static final java.lang.String FLAVOR_distribution
    public static final java.lang.String FLAVOR_mode
    public static final int VERSION_CODE
    public static final java.lang.String VERSION_NAME
eu.siacs.conversations.Config$Map:
    public static final double FINAL_ZOOM_LEVEL
    public static final double INITIAL_ZOOM_LEVEL
    public static final int LOCATION_FIX_SIGNIFICANT_TIME_DELTA
    public static final float LOCATION_FIX_SPACE_DELTA
    public static final long LOCATION_FIX_TIME_DELTA
    public static final int MY_LOCATION_INDICATOR_OUTLINE_SIZE
    public static final int MY_LOCATION_INDICATOR_SIZE
eu.siacs.conversations.Config:
    public static final boolean ALLOW_NON_TLS_CONNECTIONS
    public static final boolean ALWAYS_NOTIFY_BY_DEFAULT
    public static final boolean AUTOMATICALLY_COMPLETE_SESSIONS
    public static final int AVATAR_CHAR_LIMIT
    public static final int AVATAR_SIZE
    public static final boolean BACKGROUND_STANZA_LOGGING
    public static final java.lang.String CHANNEL_DISCOVERY
    public static final int CONNECT_DISCO_TIMEOUT
    public static final int CONNECT_TIMEOUT
    public static final long CONTACT_SYNC_RETRY_INTERVAL
    public static final boolean DISABLE_BAN
    public static final boolean DISABLE_HTTP_UPLOAD
    public static final boolean DISABLE_PROXY_LOOKUP
    public static final boolean DISALLOW_REGISTRATION_IN_UI
    private static final int ENCRYPTION_MASK
    public static final boolean ENCRYPT_ON_HTTP_UPLOADED
    public static final int EXPIRY_INTERVAL
    public static final boolean EXTENDED_SM_LOGGING
    public static final boolean HIDE_MESSAGE_TEXT_IN_NOTIFICATION
    public static final int IDLE_PING_INTERVAL
    public static final boolean IGNORE_ID_REWRITE_IN_MUC
    public static final int IMAGE_QUALITY
    public static final int IMAGE_SIZE
    public static final int LOW_PING_TIMEOUT
    public static final java.lang.String MAGIC_CREATE_DOMAIN
    public static final long MAM_MAX_CATCHUP
    public static final int MAM_MAX_MESSAGES
    public static final int MAX_DISPLAY_MESSAGE_CHARS
eu.siacs.conversations.DataBinderMapperImpl:
    private static final int LAYOUT_ACCOUNTROW
    private static final int LAYOUT_ACTIVITYCHANNELDISCOVERY
    private static final int LAYOUT_ACTIVITYCHOOSECONTACT
    private static final int LAYOUT_ACTIVITYCONTACTDETAILS
    private static final int LAYOUT_ACTIVITYCONVERSATIONS
    private static final int LAYOUT_ACTIVITYEASYINVITE
    private static final int LAYOUT_ACTIVITYEDITACCOUNT
    private static final int LAYOUT_ACTIVITYIMPORTBACKUP
    private static final int LAYOUT_ACTIVITYMEDIABROWSER
    private static final int LAYOUT_ACTIVITYMUCDETAILS
    private static final int LAYOUT_ACTIVITYMUCUSERS
    private static final int LAYOUT_ACTIVITYPICKSERVER
    private static final int LAYOUT_ACTIVITYPUBLISHPROFILEPICTURE
    private static final int LAYOUT_ACTIVITYRECORDING
    private static final int LAYOUT_ACTIVITYRTPSESSION
    private static final int LAYOUT_ACTIVITYSEARCH
    private static final int LAYOUT_ACTIVITYSHARELOCATION
    private static final int LAYOUT_ACTIVITYSHOWLOCATION
    private static final int LAYOUT_ACTIVITYSTARTCONVERSATION
    private static final int LAYOUT_ACTIVITYTRUSTKEYS
    private static final int LAYOUT_ACTIVITYURIHANDLER
    private static final int LAYOUT_ACTIVITYWELCOME
    private static final int LAYOUT_CONTACT
    private static final int LAYOUT_CONTACTKEY
    private static final int LAYOUT_CONVERSATIONLISTROW
    private static final int LAYOUT_CREATECONFERENCEDIALOG
...
kotlin.jvm.internal.ArrayFloatIterator
kotlin.jvm.internal.ArrayIntIterator
kotlin.jvm.internal.ArrayIterator:
    public final java.lang.Object[] getArray()
kotlin.jvm.internal.ArrayIteratorsKt
kotlin.jvm.internal.ArrayLongIterator
kotlin.jvm.internal.ArrayShortIterator
kotlin.jvm.internal.BooleanCompanionObject
kotlin.jvm.internal.BooleanSpreadBuilder
kotlin.jvm.internal.ByteCompanionObject
kotlin.jvm.internal.ByteSpreadBuilder
kotlin.jvm.internal.CallableReference$NoReceiver:
    private java.lang.Object readResolve()
kotlin.jvm.internal.CallableReference:
    public varargs java.lang.Object call(java.lang.Object[])
    public java.lang.Object callBy(java.util.Map)
    public java.util.List getAnnotations()
    public java.util.List getParameters()
    protected kotlin.reflect.KCallable getReflected()
    public kotlin.reflect.KType getReturnType()
    public java.util.List getTypeParameters()
    public kotlin.reflect.KVisibility getVisibility()
    public boolean isAbstract()
    public boolean isFinal()
    public boolean isOpen()
    public boolean isSuspend()
kotlin.jvm.internal.CharCompanionObject
kotlin.jvm.internal.CharSpreadBuilder
kotlin.jvm.internal.ClassReference$Companion:
    public final java.lang.String getClassQualifiedName(java.lang.Class)
    public final java.lang.String getClassSimpleName(java.lang.Class)
    public final boolean isInstance(java.lang.Object,java.lang.Class)
kotlin.jvm.internal.ClassReference:
    public static final synthetic java.util.HashMap access$getClassFqNames$cp()
    public static final synthetic java.util.Map access$getFUNCTION_CLASSES$cp()
    public static final synthetic java.util.Map access$getSimpleNames$cp()
    private final java.lang.Void error()
    public java.util.List getAnnotations()
    public java.util.Collection getConstructors()
    public java.util.Collection getMembers()
    public java.util.Collection getNestedClasses()
    public java.lang.Object getObjectInstance()
    public java.lang.String getQualifiedName()
    public java.util.List getSealedSubclasses()
    public static synthetic void getSealedSubclasses$annotations()
    public java.lang.String getSimpleName()
    public java.util.List getSupertypes()
    public static synthetic void getSupertypes$annotations()
    public java.util.List getTypeParameters()
    public static synthetic void getTypeParameters$annotations()
    public kotlin.reflect.KVisibility getVisibility()
    public static synthetic void getVisibility$annotations()
    public boolean isAbstract()
    public static synthetic void isAbstract$annotations()
    public boolean isCompanion()
    public static synthetic void isCompanion$annotations()
    public boolean isData()
    public static synthetic void isData$annotations()
    public boolean isFinal()
    public static synthetic void isFinal$annotations()
    public boolean isFun()
kotlin.jvm.internal.CollectionToArray:
    private static final int MAX_SIZE
    private static final java.lang.Object[] toArrayImpl(java.util.Collection,kotlin.jvm.functions.Function0,kotlin.jvm.functions.Function1,kotlin.jvm.functions.Function2)
kotlin.jvm.internal.DefaultConstructorMarker:
    private void <init>()
kotlin.jvm.internal.DoubleCompanionObject
kotlin.jvm.internal.DoubleSpreadBuilder
kotlin.jvm.internal.EnumCompanionObject